[debug] [2020-10-13T13:51:55.435Z] ----------------------------------------------------------------------
[debug] [2020-10-13T13:51:55.437Z] Command:       C:\Program Files\nodejs\node.exe C:\Users\soumy\AppData\Roaming\npm\node_modules\firebase-tools\lib\bin\firebase.js init
[debug] [2020-10-13T13:51:55.438Z] CLI Version:   8.12.1
[debug] [2020-10-13T13:51:55.438Z] Platform:      win32
[debug] [2020-10-13T13:51:55.438Z] Node Version:  v14.0.0
[debug] [2020-10-13T13:51:55.440Z] Time:          Tue Oct 13 2020 19:21:55 GMT+0530 (India Standard Time)
[debug] [2020-10-13T13:51:55.440Z] ----------------------------------------------------------------------
[debug] [2020-10-13T13:51:55.440Z] 
[debug] [2020-10-13T13:51:55.449Z] > command requires scopes: ["email","openid","https://www.googleapis.com/auth/cloudplatformprojects.readonly","https://www.googleapis.com/auth/firebase","https://www.googleapis.com/auth/cloud-platform"]
[debug] [2020-10-13T13:51:55.449Z] > authorizing via signed-in user
[info] 
     ######## #### ########  ######## ########     ###     ######  ########
     ##        ##  ##     ## ##       ##     ##  ##   ##  ##       ##
     ######    ##  ########  ######   ########  #########  ######  ######
     ##        ##  ##    ##  ##       ##     ## ##     ##       ## ##
     ##       #### ##     ## ######## ########  ##     ##  ######  ########

You're about to initialize a Firebase project in this directory:

  G:\Git_Repo\ngMax\angular

[debug] [2020-10-13T13:54:13.092Z] ----------------------------------------------------------------------
[debug] [2020-10-13T13:54:13.095Z] Command:       C:\Program Files\nodejs\node.exe C:\Users\soumy\AppData\Roaming\npm\node_modules\firebase-tools\lib\bin\firebase.js init
[debug] [2020-10-13T13:54:13.095Z] CLI Version:   8.12.1
[debug] [2020-10-13T13:54:13.095Z] Platform:      win32
[debug] [2020-10-13T13:54:13.096Z] Node Version:  v14.0.0
[debug] [2020-10-13T13:54:13.097Z] Time:          Tue Oct 13 2020 19:24:13 GMT+0530 (India Standard Time)
[debug] [2020-10-13T13:54:13.098Z] ----------------------------------------------------------------------
[debug] [2020-10-13T13:54:13.098Z] 
[debug] [2020-10-13T13:54:13.106Z] > command requires scopes: ["email","openid","https://www.googleapis.com/auth/cloudplatformprojects.readonly","https://www.googleapis.com/auth/firebase","https://www.googleapis.com/auth/cloud-platform"]
[debug] [2020-10-13T13:54:13.107Z] > authorizing via signed-in user
[info] 
     ######## #### ########  ######## ########     ###     ######  ########
     ##        ##  ##     ## ##       ##     ##  ##   ##  ##       ##
     ######    ##  ########  ######   ########  #########  ######  ######
     ##        ##  ##    ##  ##       ##     ## ##     ##       ## ##
     ##       #### ##     ## ######## ########  ##     ##  ######  ########

You're about to initialize a Firebase project in this directory:

  G:\Git_Repo\ngMax\angular

